<?xml version="1.0" encoding="UTF-8"?>
<!-- Generated by org.testng.reporters.JUnitXMLReporter -->
<testsuite hostname="DESKTOP-6DIG0QK" ignored="0" name="Test" tests="2" failures="2" timestamp="04 Jun 2020 08:15:22 GMT" time="5.097" errors="0">
  <testcase name="tcSeleniumRemoteExecution" time="2.99" classname="com.RemoteWebDriver.TestCases.SeleniumTest">
    <failure type="java.lang.RuntimeException" message="Browser not to be InitiatedCould not start a new session. Possible causes are invalid address of the remote server or browser start-up failure.
Build info: version: &amp;apos;3.141.59&amp;apos;, revision: &amp;apos;e82be7d358&amp;apos;, time: &amp;apos;2018-11-14T08:17:03&amp;apos;
System info: host: &amp;apos;DESKTOP-6DIG0QK&amp;apos;, ip: &amp;apos;192.168.0.5&amp;apos;, os.name: &amp;apos;Windows 10&amp;apos;, os.arch: &amp;apos;amd64&amp;apos;, os.version: &amp;apos;10.0&amp;apos;, java.version: &amp;apos;1.8.0_181&amp;apos;
Driver info: driver.version: RemoteWebDriver">
      <![CDATA[java.lang.RuntimeException: Browser not to be InitiatedCould not start a new session. Possible causes are invalid address of the remote server or browser start-up failure.
Build info: version: '3.141.59', revision: 'e82be7d358', time: '2018-11-14T08:17:03'
System info: host: 'DESKTOP-6DIG0QK', ip: '192.168.0.5', os.name: 'Windows 10', os.arch: 'amd64', os.version: '10.0', java.version: '1.8.0_181'
Driver info: driver.version: RemoteWebDriver
at com.RemoteWebDriver.TestCases.SeleniumTest.lambda$new$0(SeleniumTest.java:21)
at com.RemoteWebDriver.TestCases.SeleniumTest.tcSeleniumRemoteExecution(SeleniumTest.java:32)
... Removed 29 stack frames]]>
    </failure>
  </testcase> <!-- tcSeleniumRemoteExecution -->
  <testcase name="tcSeleniumRemoteExecution" time="2.048" classname="com.RemoteWebDriver.TestCases.SeleniumTest">
    <failure type="java.lang.RuntimeException" message="Browser not to be InitiatedCould not start a new session. Possible causes are invalid address of the remote server or browser start-up failure.
Build info: version: &amp;apos;3.141.59&amp;apos;, revision: &amp;apos;e82be7d358&amp;apos;, time: &amp;apos;2018-11-14T08:17:03&amp;apos;
System info: host: &amp;apos;DESKTOP-6DIG0QK&amp;apos;, ip: &amp;apos;192.168.0.5&amp;apos;, os.name: &amp;apos;Windows 10&amp;apos;, os.arch: &amp;apos;amd64&amp;apos;, os.version: &amp;apos;10.0&amp;apos;, java.version: &amp;apos;1.8.0_181&amp;apos;
Driver info: driver.version: RemoteWebDriver">
      <![CDATA[java.lang.RuntimeException: Browser not to be InitiatedCould not start a new session. Possible causes are invalid address of the remote server or browser start-up failure.
Build info: version: '3.141.59', revision: 'e82be7d358', time: '2018-11-14T08:17:03'
System info: host: 'DESKTOP-6DIG0QK', ip: '192.168.0.5', os.name: 'Windows 10', os.arch: 'amd64', os.version: '10.0', java.version: '1.8.0_181'
Driver info: driver.version: RemoteWebDriver
at com.RemoteWebDriver.TestCases.SeleniumTest.lambda$new$0(SeleniumTest.java:21)
at com.RemoteWebDriver.TestCases.SeleniumTest.tcSeleniumRemoteExecution(SeleniumTest.java:32)
... Removed 29 stack frames]]>
    </failure>
  </testcase> <!-- tcSeleniumRemoteExecution -->
</testsuite> <!-- Test -->
