<?xml version="1.0" encoding="UTF-8"?>
<testng-results skipped="0" failed="0" ignored="0" total="2" passed="2">
  <reporter-output>
  </reporter-output>
  <suite name="Suite" duration-ms="34693" started-at="2020-06-04T10:40:58Z" finished-at="2020-06-04T10:41:33Z">
    <groups>
    </groups>
    <test name="Test" duration-ms="34693" started-at="2020-06-04T10:40:58Z" finished-at="2020-06-04T10:41:33Z">
      <class name="com.RemoteWebDriver.TestCases.SeleniumTest">
        <test-method status="PASS" signature="tcSeleniumRemoteExecution(java.lang.String)[pri:1, instance:com.RemoteWebDriver.TestCases.SeleniumTest@8bd1b6a]" name="tcSeleniumRemoteExecution" duration-ms="8011" started-at="2020-06-04T10:40:58Z" description="Test Execution with Remote Webdriver and Dockerfile and Docker Compose" data-provider="getBrowserInformation" finished-at="2020-06-04T10:41:06Z">
          <params>
            <param index="0">
              <value>
                <![CDATA[chrome]]>
              </value>
            </param>
          </params>
          <reporter-output>
          </reporter-output>
        </test-method> <!-- tcSeleniumRemoteExecution -->
        <test-method status="PASS" signature="tcSeleniumRemoteExecution(java.lang.String)[pri:1, instance:com.RemoteWebDriver.TestCases.SeleniumTest@8bd1b6a]" name="tcSeleniumRemoteExecution" duration-ms="26658" started-at="2020-06-04T10:41:06Z" description="Test Execution with Remote Webdriver and Dockerfile and Docker Compose" data-provider="getBrowserInformation" finished-at="2020-06-04T10:41:33Z">
          <params>
            <param index="0">
              <value>
                <![CDATA[firefox]]>
              </value>
            </param>
          </params>
          <reporter-output>
          </reporter-output>
        </test-method> <!-- tcSeleniumRemoteExecution -->
      </class> <!-- com.RemoteWebDriver.TestCases.SeleniumTest -->
    </test> <!-- Test -->
  </suite> <!-- Suite -->
</testng-results>
