<?xml version="1.0" encoding="UTF-8"?>
<testsuite xmlns:xsi="http://www.w3.org/2001/XMLSchema-instance" xsi:noNamespaceSchemaLocation="https://maven.apache.org/surefire/maven-surefire-plugin/xsd/surefire-test-report-3.0.xsd" version="3.0" name="TestSuite" time="5.838" tests="2" errors="0" skipped="0" failures="2">
  <properties>
[...]
</properties>
  <testcase name="tcSeleniumRemoteExecution" classname="com.RemoteWebDriver.TestCases.SeleniumTest" time="3.001">
    <failure message="Browser not to be InitiatedCould not start a new session. Possible causes are invalid address of the remote server or browser start-up failure.&#10;Build info: version: &apos;3.141.59&apos;, revision: &apos;e82be7d358&apos;, time: &apos;2018-11-14T08:17:03&apos;&#10;System info: host: &apos;DESKTOP-6DIG0QK&apos;, ip: &apos;192.168.0.5&apos;, os.name: &apos;Windows 10&apos;, os.arch: &apos;amd64&apos;, os.version: &apos;10.0&apos;, java.version: &apos;1.8.0_181&apos;&#10;Driver info: driver.version: RemoteWebDriver" type="java.lang.RuntimeException"><![CDATA[java.lang.RuntimeException: 
Browser not to be InitiatedCould not start a new session. Possible causes are invalid address of the remote server or browser start-up failure.
Build info: version: '3.141.59', revision: 'e82be7d358', time: '2018-11-14T08:17:03'
System info: host: 'DESKTOP-6DIG0QK', ip: '192.168.0.5', os.name: 'Windows 10', os.arch: 'amd64', os.version: '10.0', java.version: '1.8.0_181'
Driver info: driver.version: RemoteWebDriver
	at com.RemoteWebDriver.TestCases.SeleniumTest.lambda$new$0(SeleniumTest.java:21)
	at com.RemoteWebDriver.TestCases.SeleniumTest.tcSeleniumRemoteExecution(SeleniumTest.java:32)
]]></failure>
    <system-err><![CDATA[Jun 04, 2020 10:15:17 AM org.openqa.selenium.remote.DesiredCapabilities chrome
INFO: Using `new ChromeOptions()` is preferred to `DesiredCapabilities.chrome()`
]]></system-err>
  </testcase>
  <testcase name="tcSeleniumRemoteExecution" classname="com.RemoteWebDriver.TestCases.SeleniumTest" time="2.051">
    <failure message="Browser not to be InitiatedCould not start a new session. Possible causes are invalid address of the remote server or browser start-up failure.&#10;Build info: version: &apos;3.141.59&apos;, revision: &apos;e82be7d358&apos;, time: &apos;2018-11-14T08:17:03&apos;&#10;System info: host: &apos;DESKTOP-6DIG0QK&apos;, ip: &apos;192.168.0.5&apos;, os.name: &apos;Windows 10&apos;, os.arch: &apos;amd64&apos;, os.version: &apos;10.0&apos;, java.version: &apos;1.8.0_181&apos;&#10;Driver info: driver.version: RemoteWebDriver" type="java.lang.RuntimeException"><![CDATA[java.lang.RuntimeException: 
Browser not to be InitiatedCould not start a new session. Possible causes are invalid address of the remote server or browser start-up failure.
Build info: version: '3.141.59', revision: 'e82be7d358', time: '2018-11-14T08:17:03'
System info: host: 'DESKTOP-6DIG0QK', ip: '192.168.0.5', os.name: 'Windows 10', os.arch: 'amd64', os.version: '10.0', java.version: '1.8.0_181'
Driver info: driver.version: RemoteWebDriver
	at com.RemoteWebDriver.TestCases.SeleniumTest.lambda$new$0(SeleniumTest.java:21)
	at com.RemoteWebDriver.TestCases.SeleniumTest.tcSeleniumRemoteExecution(SeleniumTest.java:32)
]]></failure>
    <system-err><![CDATA[Jun 04, 2020 10:15:20 AM org.openqa.selenium.remote.DesiredCapabilities firefox
INFO: Using `new FirefoxOptions()` is preferred to `DesiredCapabilities.firefox()`
]]></system-err>
  </testcase>
</testsuite>